Arguments: 
  /home/yago/.nvm/versions/node/v14.19.3/bin/node /home/yago/.nvm/versions/node/v14.19.3/bin/yarn init

PATH: 
  /home/yago/.vscode-server/bin/6d9b74a70ca9c7733b29f0456fd8195364076dda/bin/remote-cli:/home/yago/.nvm/versions/node/v14.19.3/bin:/home/yago/.local/share/zinit/polaris/bin:/usr/local/sbin:/usr/local/bin:/usr/sbin:/usr/bin:/sbin:/bin:/usr/games:/usr/local/games:/usr/lib/wsl/lib:/mnt/c/Windows/system32:/mnt/c/Windows:/mnt/c/Windows/System32/Wbem:/mnt/c/Windows/System32/WindowsPowerShell/v1.0/:/mnt/c/Windows/System32/OpenSSH/:/mnt/c/Program Files/Git/cmd:/mnt/c/Users/Loog/AppData/Local/Android/Sdk/platform-tools:/mnt/c/Users/Loog/AppData/Local/Android/Sdk/tools:/mnt/c/Program Files/Docker/Docker/resources/bin:/mnt/c/ProgramData/DockerDesktop/version-bin:/mnt/c/Users/Loog/AppData/Local/Microsoft/WindowsApps:/mnt/c/Users/Loog/AppData/Local/Programs/Microsoft VS Code/bin

Yarn version: 
  1.22.19

Node version: 
  14.19.3

Platform: 
  linux x64

Trace: 
  Error: canceled
      at Interface.<anonymous> (/home/yago/.nvm/versions/node/v14.19.3/lib/node_modules/yarn/lib/cli.js:137150:13)
      at Interface.emit (events.js:400:28)
      at Interface._ttyWrite (readline.js:1001:16)
      at ReadStream.onkeypress (readline.js:265:10)
      at ReadStream.emit (events.js:400:28)
      at emitKeys (internal/readline/utils.js:358:14)
      at emitKeys.next (<anonymous>)
      at ReadStream.onData (readline.js:1270:36)
      at ReadStream.emit (events.js:400:28)
      at addChunk (internal/streams/readable.js:293:12)

npm manifest: 
  No manifest

yarn manifest: 
  No manifest

Lockfile: 
  No lockfile
